2024-05-23 15:52:31 INFO  Testbase:39 - check for fav article ...
2024-05-23 15:52:40 INFO  Testbase:34 - check on my article ...
2024-05-23 16:38:50 INFO  Testbase:30 - Checking global feed ...
2024-05-23 16:38:58 WARN  Testbase:43 - on home page click on new article ...
2024-05-23 16:39:06 WARN  Testbase:49 - on home page click on setting ...
2024-05-23 16:39:15 INFO  Testbase:55 - on home page check for user ...
2024-05-23 16:39:23 INFO  Testbase:36 - Checking your feed ...
2024-05-23 16:46:27 INFO  Testbase:31 - Checking global feed ...
2024-05-23 16:46:32 WARN  Testbase:44 - on home page click on new article ...
2024-05-23 16:46:38 WARN  Testbase:50 - on home page click on setting ...
2024-05-23 16:46:43 INFO  Testbase:56 - on home page check for user ...
2024-05-23 16:46:49 INFO  Testbase:37 - Checking your feed ...
2024-05-23 16:48:06 INFO  Testbase:34 - Checking global feed ...
2024-05-23 16:48:12 WARN  Testbase:47 - on home page click on new article ...
2024-05-23 16:48:17 WARN  Testbase:53 - on home page click on setting ...
2024-05-23 16:48:23 INFO  Testbase:59 - on home page check for user ...
2024-05-23 16:48:28 INFO  Testbase:40 - Checking your feed ...
2024-05-23 16:56:46 INFO  Testbase:34 - Checking global feed ...
2024-05-23 16:56:52 WARN  Testbase:47 - on home page click on new article ...
2024-05-23 16:56:58 WARN  Testbase:53 - on home page click on setting ...
2024-05-23 16:57:04 INFO  Testbase:59 - on home page check for user ...
2024-05-23 16:57:10 INFO  Testbase:40 - Checking your feed ...
2024-05-23 17:00:49 INFO  Testbase:34 - Checking global feed ...
2024-05-23 17:00:57 INFO  Testbase:40 - Checking your feed ...
2024-05-23 17:01:04 WARN  Testbase:47 - on home page click on new article ...
2024-05-23 17:01:12 WARN  Testbase:53 - on home page click on setting ...
2024-05-23 17:01:19 INFO  Testbase:59 - on home page check for user ...
2024-05-23 17:01:25 INFO  Testbase:37 - publish the article ...
2024-05-23 17:01:25 WARN  Testbase:38 - clicking on publish is mandatory ... 
2024-05-23 17:01:54 INFO  Testbase:52 - checking for bio ...
2024-05-23 17:02:13 INFO  Testbase:63 - check user is coming back on home page  ...
2024-05-23 17:02:22 FATAL Testbase:32 - check on sign up operarion carefully...
2024-05-23 17:02:28 FATAL Testbase:39 - sign in is necessary...
2024-05-23 17:02:57 INFO  Testbase:38 - check on my article ...
2024-05-23 17:03:10 INFO  Testbase:43 - check for fav article ...
2024-05-23 17:10:51 FATAL Testbase:48 - sign in is necessary...
